<?xml version="1.0" encoding="UTF-8"?>
<testng-results total="2" passed="2" failed="0" skipped="0">
  <reporter-output>
  </reporter-output>
  <suite started-at="2020-01-22T11:11:46Z" name="All Test Suite" finished-at="2020-01-22T11:12:08Z" duration-ms="21855">
    <groups>
    </groups>
    <test started-at="2020-01-22T11:11:46Z" name="firefoxTest" finished-at="2020-01-22T11:12:02Z" duration-ms="15299">
      <class name="CrossBrowser">
        <test-method signature="givenMethodIntroducingCrossBrowsing(java.lang.String)[pri:0, instance:CrossBrowser@6a1aab78]" started-at="2020-01-22T16:41:46Z" name="givenMethodIntroducingCrossBrowsing" finished-at="2020-01-22T16:42:02Z" duration-ms="15291" status="PASS">
          <params>
            <param index="0">
              <value>
                <![CDATA[firefox]]>
              </value>
            </param>
          </params>
          <reporter-output>
          </reporter-output>
        </test-method> <!-- givenMethodIntroducingCrossBrowsing -->
      </class> <!-- CrossBrowser -->
    </test> <!-- firefoxTest -->
    <test started-at="2020-01-22T11:12:02Z" name="chromeBrowserTest" finished-at="2020-01-22T11:12:08Z" duration-ms="6534">
      <class name="CrossBrowser">
        <test-method signature="givenMethodIntroducingCrossBrowsing(java.lang.String)[pri:0, instance:CrossBrowser@6ec8211c]" started-at="2020-01-22T16:42:02Z" name="givenMethodIntroducingCrossBrowsing" finished-at="2020-01-22T16:42:08Z" duration-ms="6532" status="PASS">
          <params>
            <param index="0">
              <value>
                <![CDATA[chrome]]>
              </value>
            </param>
          </params>
          <reporter-output>
          </reporter-output>
        </test-method> <!-- givenMethodIntroducingCrossBrowsing -->
      </class> <!-- CrossBrowser -->
    </test> <!-- chromeBrowserTest -->
  </suite> <!-- All Test Suite -->
</testng-results>
